This file contains any messages produced by compilers while
running configure, to aid debugging if configure makes a mistake.

It was created by mtree configure 20040722, which was
generated by GNU Autoconf 2.69.  Invocation command line was

  $ ./configure 

## --------- ##
## Platform. ##
## --------- ##

hostname = x1
uname -m = x86_64
uname -r = 4.20.4-200.fc29.x86_64
uname -s = Linux
uname -v = #1 SMP Wed Jan 23 16:11:28 UTC 2019

/usr/bin/uname -p = x86_64
/bin/uname -X     = unknown

/bin/arch              = x86_64
/usr/bin/arch -k       = unknown
/usr/convex/getsysinfo = unknown
/usr/bin/hostinfo      = unknown
/bin/machine           = unknown
/usr/bin/oslevel       = unknown
/bin/universe          = unknown

PATH: /home/jamacku/.local/bin
PATH: /home/jamacku/bin
PATH: /home/jamacku/.local/bin
PATH: /home/jamacku/bin
PATH: /usr/share/Modules/bin
PATH: /usr/local/bin
PATH: /usr/local/sbin
PATH: /usr/bin
PATH: /usr/sbin


## ----------- ##
## Core tests. ##
## ----------- ##

configure:2300: checking for gcc
configure:2316: found /usr/bin/gcc
configure:2327: result: gcc
configure:2556: checking for C compiler version
configure:2565: gcc --version >&5
gcc (GCC) 8.2.1 20181215 (Red Hat 8.2.1-6)
Copyright (C) 2018 Free Software Foundation, Inc.
This is free software; see the source for copying conditions.  There is NO
warranty; not even for MERCHANTABILITY or FITNESS FOR A PARTICULAR PURPOSE.

configure:2576: $? = 0
configure:2565: gcc -v >&5
Using built-in specs.
COLLECT_GCC=gcc
COLLECT_LTO_WRAPPER=/usr/libexec/gcc/x86_64-redhat-linux/8/lto-wrapper
OFFLOAD_TARGET_NAMES=nvptx-none
OFFLOAD_TARGET_DEFAULT=1
Target: x86_64-redhat-linux
Configured with: ../configure --enable-bootstrap --enable-languages=c,c++,fortran,objc,obj-c++,ada,go,lto --prefix=/usr --mandir=/usr/share/man --infodir=/usr/share/info --with-bugurl=http://bugzilla.redhat.com/bugzilla --enable-shared --enable-threads=posix --enable-checking=release --enable-multilib --with-system-zlib --enable-__cxa_atexit --disable-libunwind-exceptions --enable-gnu-unique-object --enable-linker-build-id --with-gcc-major-version-only --with-linker-hash-style=gnu --enable-plugin --enable-initfini-array --with-isl --enable-libmpx --enable-offload-targets=nvptx-none --without-cuda-driver --enable-gnu-indirect-function --enable-cet --with-tune=generic --with-arch_32=i686 --build=x86_64-redhat-linux
Thread model: posix
gcc version 8.2.1 20181215 (Red Hat 8.2.1-6) (GCC) 
configure:2576: $? = 0
configure:2565: gcc -V >&5
gcc: error: unrecognized command line option '-V'
gcc: fatal error: no input files
compilation terminated.
configure:2576: $? = 1
configure:2565: gcc -qversion >&5
gcc: error: unrecognized command line option '-qversion'; did you mean '--version'?
gcc: fatal error: no input files
compilation terminated.
configure:2576: $? = 1
configure:2596: checking whether the C compiler works
configure:2618: gcc    conftest.c  >&5
configure:2622: $? = 0
configure:2670: result: yes
configure:2673: checking for C compiler default output file name
configure:2675: result: a.out
configure:2681: checking for suffix of executables
configure:2688: gcc -o conftest    conftest.c  >&5
configure:2692: $? = 0
configure:2714: result: 
configure:2736: checking whether we are cross compiling
configure:2744: gcc -o conftest    conftest.c  >&5
configure:2748: $? = 0
configure:2755: ./conftest
configure:2759: $? = 0
configure:2774: result: no
configure:2779: checking for suffix of object files
configure:2801: gcc -c   conftest.c >&5
configure:2805: $? = 0
configure:2826: result: o
configure:2830: checking whether we are using the GNU C compiler
configure:2849: gcc -c   conftest.c >&5
configure:2849: $? = 0
configure:2858: result: yes
configure:2867: checking whether gcc accepts -g
configure:2887: gcc -c -g  conftest.c >&5
configure:2887: $? = 0
configure:2928: result: yes
configure:2945: checking for gcc option to accept ISO C89
configure:3008: gcc  -c -g -O2  conftest.c >&5
configure:3008: $? = 0
configure:3021: result: none needed
configure:3084: checking for a BSD-compatible install
configure:3152: result: /usr/bin/install -c
configure:3166: checking for fparseln in -lutil
configure:3191: gcc -o conftest -g -O2   conftest.c -lutil   >&5
/usr/bin/ld: /tmp/ccW5Sfme.o: in function `main':
/home/jamacku/Source/mtree-netbsd/conftest.c:20: undefined reference to `fparseln'
collect2: error: ld returned 1 exit status
configure:3191: $? = 1
configure: failed program was:
| /* confdefs.h */
| #define PACKAGE_NAME "mtree"
| #define PACKAGE_TARNAME "mtree"
| #define PACKAGE_VERSION "20040722"
| #define PACKAGE_STRING "mtree 20040722"
| #define PACKAGE_BUGREPORT "grant@NetBSD.org"
| #define PACKAGE_URL ""
| /* end confdefs.h.  */
| 
| /* Override any GCC internal prototype to avoid an error.
|    Use char because int might match the return type of a GCC
|    builtin and then its argument prototype would still apply.  */
| #ifdef __cplusplus
| extern "C"
| #endif
| char fparseln ();
| int
| main ()
| {
| return fparseln ();
|   ;
|   return 0;
| }
configure:3200: result: no
configure:3218: checking how to run the C preprocessor
configure:3249: gcc -E  conftest.c
configure:3249: $? = 0
configure:3263: gcc -E  conftest.c
conftest.c:9:10: fatal error: ac_nonexistent.h: No such file or directory
 #include <ac_nonexistent.h>
          ^~~~~~~~~~~~~~~~~~
compilation terminated.
configure:3263: $? = 1
configure: failed program was:
| /* confdefs.h */
| #define PACKAGE_NAME "mtree"
| #define PACKAGE_TARNAME "mtree"
| #define PACKAGE_VERSION "20040722"
| #define PACKAGE_STRING "mtree 20040722"
| #define PACKAGE_BUGREPORT "grant@NetBSD.org"
| #define PACKAGE_URL ""
| /* end confdefs.h.  */
| #include <ac_nonexistent.h>
configure:3288: result: gcc -E
configure:3308: gcc -E  conftest.c
configure:3308: $? = 0
configure:3322: gcc -E  conftest.c
conftest.c:9:10: fatal error: ac_nonexistent.h: No such file or directory
 #include <ac_nonexistent.h>
          ^~~~~~~~~~~~~~~~~~
compilation terminated.
configure:3322: $? = 1
configure: failed program was:
| /* confdefs.h */
| #define PACKAGE_NAME "mtree"
| #define PACKAGE_TARNAME "mtree"
| #define PACKAGE_VERSION "20040722"
| #define PACKAGE_STRING "mtree 20040722"
| #define PACKAGE_BUGREPORT "grant@NetBSD.org"
| #define PACKAGE_URL ""
| /* end confdefs.h.  */
| #include <ac_nonexistent.h>
configure:3351: checking for grep that handles long lines and -e
configure:3409: result: /usr/bin/grep
configure:3414: checking for egrep
configure:3476: result: /usr/bin/grep -E
configure:3481: checking for ANSI C header files
configure:3501: gcc -c -g -O2  conftest.c >&5
configure:3501: $? = 0
configure:3574: gcc -o conftest -g -O2   conftest.c  >&5
configure:3574: $? = 0
configure:3574: ./conftest
configure:3574: $? = 0
configure:3585: result: yes
configure:3598: checking for sys/types.h
configure:3598: gcc -c -g -O2  conftest.c >&5
configure:3598: $? = 0
configure:3598: result: yes
configure:3598: checking for sys/stat.h
configure:3598: gcc -c -g -O2  conftest.c >&5
configure:3598: $? = 0
configure:3598: result: yes
configure:3598: checking for stdlib.h
configure:3598: gcc -c -g -O2  conftest.c >&5
configure:3598: $? = 0
configure:3598: result: yes
configure:3598: checking for string.h
configure:3598: gcc -c -g -O2  conftest.c >&5
configure:3598: $? = 0
configure:3598: result: yes
configure:3598: checking for memory.h
configure:3598: gcc -c -g -O2  conftest.c >&5
configure:3598: $? = 0
configure:3598: result: yes
configure:3598: checking for strings.h
configure:3598: gcc -c -g -O2  conftest.c >&5
configure:3598: $? = 0
configure:3598: result: yes
configure:3598: checking for inttypes.h
configure:3598: gcc -c -g -O2  conftest.c >&5
configure:3598: $? = 0
configure:3598: result: yes
configure:3598: checking for stdint.h
configure:3598: gcc -c -g -O2  conftest.c >&5
configure:3598: $? = 0
configure:3598: result: yes
configure:3598: checking for unistd.h
configure:3598: gcc -c -g -O2  conftest.c >&5
configure:3598: $? = 0
configure:3598: result: yes
configure:3616: checking ctype.h usability
configure:3616: gcc -c -g -O2  conftest.c >&5
configure:3616: $? = 0
configure:3616: result: yes
configure:3616: checking ctype.h presence
configure:3616: gcc -E  conftest.c
configure:3616: $? = 0
configure:3616: result: yes
configure:3616: checking for ctype.h
configure:3616: result: yes
configure:3616: checking dirent.h usability
configure:3616: gcc -c -g -O2  conftest.c >&5
configure:3616: $? = 0
configure:3616: result: yes
configure:3616: checking dirent.h presence
configure:3616: gcc -E  conftest.c
configure:3616: $? = 0
configure:3616: result: yes
configure:3616: checking for dirent.h
configure:3616: result: yes
configure:3616: checking err.h usability
configure:3616: gcc -c -g -O2  conftest.c >&5
configure:3616: $? = 0
configure:3616: result: yes
configure:3616: checking err.h presence
configure:3616: gcc -E  conftest.c
configure:3616: $? = 0
configure:3616: result: yes
configure:3616: checking for err.h
configure:3616: result: yes
configure:3616: checking errno.h usability
configure:3616: gcc -c -g -O2  conftest.c >&5
configure:3616: $? = 0
configure:3616: result: yes
configure:3616: checking errno.h presence
configure:3616: gcc -E  conftest.c
configure:3616: $? = 0
configure:3616: result: yes
configure:3616: checking for errno.h
configure:3616: result: yes
configure:3616: checking fcntl.h usability
configure:3616: gcc -c -g -O2  conftest.c >&5
configure:3616: $? = 0
configure:3616: result: yes
configure:3616: checking fcntl.h presence
configure:3616: gcc -E  conftest.c
configure:3616: $? = 0
configure:3616: result: yes
configure:3616: checking for fcntl.h
configure:3616: result: yes
configure:3616: checking fnmatch.h usability
configure:3616: gcc -c -g -O2  conftest.c >&5
configure:3616: $? = 0
configure:3616: result: yes
configure:3616: checking fnmatch.h presence
configure:3616: gcc -E  conftest.c
configure:3616: $? = 0
configure:3616: result: yes
configure:3616: checking for fnmatch.h
configure:3616: result: yes
configure:3616: checking fts.h usability
configure:3616: gcc -c -g -O2  conftest.c >&5
configure:3616: $? = 0
configure:3616: result: yes
configure:3616: checking fts.h presence
configure:3616: gcc -E  conftest.c
configure:3616: $? = 0
configure:3616: result: yes
configure:3616: checking for fts.h
configure:3616: result: yes
configure:3616: checking grp.h usability
configure:3616: gcc -c -g -O2  conftest.c >&5
configure:3616: $? = 0
configure:3616: result: yes
configure:3616: checking grp.h presence
configure:3616: gcc -E  conftest.c
configure:3616: $? = 0
configure:3616: result: yes
configure:3616: checking for grp.h
configure:3616: result: yes
configure:3616: checking limits.h usability
configure:3616: gcc -c -g -O2  conftest.c >&5
configure:3616: $? = 0
configure:3616: result: yes
configure:3616: checking limits.h presence
configure:3616: gcc -E  conftest.c
configure:3616: $? = 0
configure:3616: result: yes
configure:3616: checking for limits.h
configure:3616: result: yes
configure:3616: checking md5.h usability
configure:3616: gcc -c -g -O2  conftest.c >&5
conftest.c:61:10: fatal error: md5.h: No such file or directory
 #include <md5.h>
          ^~~~~~~
compilation terminated.
configure:3616: $? = 1
configure: failed program was:
| /* confdefs.h */
| #define PACKAGE_NAME "mtree"
| #define PACKAGE_TARNAME "mtree"
| #define PACKAGE_VERSION "20040722"
| #define PACKAGE_STRING "mtree 20040722"
| #define PACKAGE_BUGREPORT "grant@NetBSD.org"
| #define PACKAGE_URL ""
| #define STDC_HEADERS 1
| #define HAVE_SYS_TYPES_H 1
| #define HAVE_SYS_STAT_H 1
| #define HAVE_STDLIB_H 1
| #define HAVE_STRING_H 1
| #define HAVE_MEMORY_H 1
| #define HAVE_STRINGS_H 1
| #define HAVE_INTTYPES_H 1
| #define HAVE_STDINT_H 1
| #define HAVE_UNISTD_H 1
| #define HAVE_CTYPE_H 1
| #define HAVE_DIRENT_H 1
| #define HAVE_ERR_H 1
| #define HAVE_ERRNO_H 1
| #define HAVE_FCNTL_H 1
| #define HAVE_FNMATCH_H 1
| #define HAVE_FTS_H 1
| #define HAVE_GRP_H 1
| #define HAVE_LIMITS_H 1
| /* end confdefs.h.  */
| #include <stdio.h>
| #ifdef HAVE_SYS_TYPES_H
| # include <sys/types.h>
| #endif
| #ifdef HAVE_SYS_STAT_H
| # include <sys/stat.h>
| #endif
| #ifdef STDC_HEADERS
| # include <stdlib.h>
| # include <stddef.h>
| #else
| # ifdef HAVE_STDLIB_H
| #  include <stdlib.h>
| # endif
| #endif
| #ifdef HAVE_STRING_H
| # if !defined STDC_HEADERS && defined HAVE_MEMORY_H
| #  include <memory.h>
| # endif
| # include <string.h>
| #endif
| #ifdef HAVE_STRINGS_H
| # include <strings.h>
| #endif
| #ifdef HAVE_INTTYPES_H
| # include <inttypes.h>
| #endif
| #ifdef HAVE_STDINT_H
| # include <stdint.h>
| #endif
| #ifdef HAVE_UNISTD_H
| # include <unistd.h>
| #endif
| #include <md5.h>
configure:3616: result: no
configure:3616: checking md5.h presence
configure:3616: gcc -E  conftest.c
conftest.c:28:10: fatal error: md5.h: No such file or directory
 #include <md5.h>
          ^~~~~~~
compilation terminated.
configure:3616: $? = 1
configure: failed program was:
| /* confdefs.h */
| #define PACKAGE_NAME "mtree"
| #define PACKAGE_TARNAME "mtree"
| #define PACKAGE_VERSION "20040722"
| #define PACKAGE_STRING "mtree 20040722"
| #define PACKAGE_BUGREPORT "grant@NetBSD.org"
| #define PACKAGE_URL ""
| #define STDC_HEADERS 1
| #define HAVE_SYS_TYPES_H 1
| #define HAVE_SYS_STAT_H 1
| #define HAVE_STDLIB_H 1
| #define HAVE_STRING_H 1
| #define HAVE_MEMORY_H 1
| #define HAVE_STRINGS_H 1
| #define HAVE_INTTYPES_H 1
| #define HAVE_STDINT_H 1
| #define HAVE_UNISTD_H 1
| #define HAVE_CTYPE_H 1
| #define HAVE_DIRENT_H 1
| #define HAVE_ERR_H 1
| #define HAVE_ERRNO_H 1
| #define HAVE_FCNTL_H 1
| #define HAVE_FNMATCH_H 1
| #define HAVE_FTS_H 1
| #define HAVE_GRP_H 1
| #define HAVE_LIMITS_H 1
| /* end confdefs.h.  */
| #include <md5.h>
configure:3616: result: no
configure:3616: checking for md5.h
configure:3616: result: no
configure:3616: checking netdb.h usability
configure:3616: gcc -c -g -O2  conftest.c >&5
configure:3616: $? = 0
configure:3616: result: yes
configure:3616: checking netdb.h presence
configure:3616: gcc -E  conftest.c
configure:3616: $? = 0
configure:3616: result: yes
configure:3616: checking for netdb.h
configure:3616: result: yes
configure:3616: checking pwd.h usability
configure:3616: gcc -c -g -O2  conftest.c >&5
configure:3616: $? = 0
configure:3616: result: yes
configure:3616: checking pwd.h presence
configure:3616: gcc -E  conftest.c
configure:3616: $? = 0
configure:3616: result: yes
configure:3616: checking for pwd.h
configure:3616: result: yes
configure:3616: checking rmd160.h usability
configure:3616: gcc -c -g -O2  conftest.c >&5
conftest.c:63:10: fatal error: rmd160.h: No such file or directory
 #include <rmd160.h>
          ^~~~~~~~~~
compilation terminated.
configure:3616: $? = 1
configure: failed program was:
| /* confdefs.h */
| #define PACKAGE_NAME "mtree"
| #define PACKAGE_TARNAME "mtree"
| #define PACKAGE_VERSION "20040722"
| #define PACKAGE_STRING "mtree 20040722"
| #define PACKAGE_BUGREPORT "grant@NetBSD.org"
| #define PACKAGE_URL ""
| #define STDC_HEADERS 1
| #define HAVE_SYS_TYPES_H 1
| #define HAVE_SYS_STAT_H 1
| #define HAVE_STDLIB_H 1
| #define HAVE_STRING_H 1
| #define HAVE_MEMORY_H 1
| #define HAVE_STRINGS_H 1
| #define HAVE_INTTYPES_H 1
| #define HAVE_STDINT_H 1
| #define HAVE_UNISTD_H 1
| #define HAVE_CTYPE_H 1
| #define HAVE_DIRENT_H 1
| #define HAVE_ERR_H 1
| #define HAVE_ERRNO_H 1
| #define HAVE_FCNTL_H 1
| #define HAVE_FNMATCH_H 1
| #define HAVE_FTS_H 1
| #define HAVE_GRP_H 1
| #define HAVE_LIMITS_H 1
| #define HAVE_NETDB_H 1
| #define HAVE_PWD_H 1
| /* end confdefs.h.  */
| #include <stdio.h>
| #ifdef HAVE_SYS_TYPES_H
| # include <sys/types.h>
| #endif
| #ifdef HAVE_SYS_STAT_H
| # include <sys/stat.h>
| #endif
| #ifdef STDC_HEADERS
| # include <stdlib.h>
| # include <stddef.h>
| #else
| # ifdef HAVE_STDLIB_H
| #  include <stdlib.h>
| # endif
| #endif
| #ifdef HAVE_STRING_H
| # if !defined STDC_HEADERS && defined HAVE_MEMORY_H
| #  include <memory.h>
| # endif
| # include <string.h>
| #endif
| #ifdef HAVE_STRINGS_H
| # include <strings.h>
| #endif
| #ifdef HAVE_INTTYPES_H
| # include <inttypes.h>
| #endif
| #ifdef HAVE_STDINT_H
| # include <stdint.h>
| #endif
| #ifdef HAVE_UNISTD_H
| # include <unistd.h>
| #endif
| #include <rmd160.h>
configure:3616: result: no
configure:3616: checking rmd160.h presence
configure:3616: gcc -E  conftest.c
conftest.c:30:10: fatal error: rmd160.h: No such file or directory
 #include <rmd160.h>
          ^~~~~~~~~~
compilation terminated.
configure:3616: $? = 1
configure: failed program was:
| /* confdefs.h */
| #define PACKAGE_NAME "mtree"
| #define PACKAGE_TARNAME "mtree"
| #define PACKAGE_VERSION "20040722"
| #define PACKAGE_STRING "mtree 20040722"
| #define PACKAGE_BUGREPORT "grant@NetBSD.org"
| #define PACKAGE_URL ""
| #define STDC_HEADERS 1
| #define HAVE_SYS_TYPES_H 1
| #define HAVE_SYS_STAT_H 1
| #define HAVE_STDLIB_H 1
| #define HAVE_STRING_H 1
| #define HAVE_MEMORY_H 1
| #define HAVE_STRINGS_H 1
| #define HAVE_INTTYPES_H 1
| #define HAVE_STDINT_H 1
| #define HAVE_UNISTD_H 1
| #define HAVE_CTYPE_H 1
| #define HAVE_DIRENT_H 1
| #define HAVE_ERR_H 1
| #define HAVE_ERRNO_H 1
| #define HAVE_FCNTL_H 1
| #define HAVE_FNMATCH_H 1
| #define HAVE_FTS_H 1
| #define HAVE_GRP_H 1
| #define HAVE_LIMITS_H 1
| #define HAVE_NETDB_H 1
| #define HAVE_PWD_H 1
| /* end confdefs.h.  */
| #include <rmd160.h>
configure:3616: result: no
configure:3616: checking for rmd160.h
configure:3616: result: no
configure:3616: checking sha1.h usability
configure:3616: gcc -c -g -O2  conftest.c >&5
conftest.c:63:10: fatal error: sha1.h: No such file or directory
 #include <sha1.h>
          ^~~~~~~~
compilation terminated.
configure:3616: $? = 1
configure: failed program was:
| /* confdefs.h */
| #define PACKAGE_NAME "mtree"
| #define PACKAGE_TARNAME "mtree"
| #define PACKAGE_VERSION "20040722"
| #define PACKAGE_STRING "mtree 20040722"
| #define PACKAGE_BUGREPORT "grant@NetBSD.org"
| #define PACKAGE_URL ""
| #define STDC_HEADERS 1
| #define HAVE_SYS_TYPES_H 1
| #define HAVE_SYS_STAT_H 1
| #define HAVE_STDLIB_H 1
| #define HAVE_STRING_H 1
| #define HAVE_MEMORY_H 1
| #define HAVE_STRINGS_H 1
| #define HAVE_INTTYPES_H 1
| #define HAVE_STDINT_H 1
| #define HAVE_UNISTD_H 1
| #define HAVE_CTYPE_H 1
| #define HAVE_DIRENT_H 1
| #define HAVE_ERR_H 1
| #define HAVE_ERRNO_H 1
| #define HAVE_FCNTL_H 1
| #define HAVE_FNMATCH_H 1
| #define HAVE_FTS_H 1
| #define HAVE_GRP_H 1
| #define HAVE_LIMITS_H 1
| #define HAVE_NETDB_H 1
| #define HAVE_PWD_H 1
| /* end confdefs.h.  */
| #include <stdio.h>
| #ifdef HAVE_SYS_TYPES_H
| # include <sys/types.h>
| #endif
| #ifdef HAVE_SYS_STAT_H
| # include <sys/stat.h>
| #endif
| #ifdef STDC_HEADERS
| # include <stdlib.h>
| # include <stddef.h>
| #else
| # ifdef HAVE_STDLIB_H
| #  include <stdlib.h>
| # endif
| #endif
| #ifdef HAVE_STRING_H
| # if !defined STDC_HEADERS && defined HAVE_MEMORY_H
| #  include <memory.h>
| # endif
| # include <string.h>
| #endif
| #ifdef HAVE_STRINGS_H
| # include <strings.h>
| #endif
| #ifdef HAVE_INTTYPES_H
| # include <inttypes.h>
| #endif
| #ifdef HAVE_STDINT_H
| # include <stdint.h>
| #endif
| #ifdef HAVE_UNISTD_H
| # include <unistd.h>
| #endif
| #include <sha1.h>
configure:3616: result: no
configure:3616: checking sha1.h presence
configure:3616: gcc -E  conftest.c
conftest.c:30:10: fatal error: sha1.h: No such file or directory
 #include <sha1.h>
          ^~~~~~~~
compilation terminated.
configure:3616: $? = 1
configure: failed program was:
| /* confdefs.h */
| #define PACKAGE_NAME "mtree"
| #define PACKAGE_TARNAME "mtree"
| #define PACKAGE_VERSION "20040722"
| #define PACKAGE_STRING "mtree 20040722"
| #define PACKAGE_BUGREPORT "grant@NetBSD.org"
| #define PACKAGE_URL ""
| #define STDC_HEADERS 1
| #define HAVE_SYS_TYPES_H 1
| #define HAVE_SYS_STAT_H 1
| #define HAVE_STDLIB_H 1
| #define HAVE_STRING_H 1
| #define HAVE_MEMORY_H 1
| #define HAVE_STRINGS_H 1
| #define HAVE_INTTYPES_H 1
| #define HAVE_STDINT_H 1
| #define HAVE_UNISTD_H 1
| #define HAVE_CTYPE_H 1
| #define HAVE_DIRENT_H 1
| #define HAVE_ERR_H 1
| #define HAVE_ERRNO_H 1
| #define HAVE_FCNTL_H 1
| #define HAVE_FNMATCH_H 1
| #define HAVE_FTS_H 1
| #define HAVE_GRP_H 1
| #define HAVE_LIMITS_H 1
| #define HAVE_NETDB_H 1
| #define HAVE_PWD_H 1
| /* end confdefs.h.  */
| #include <sha1.h>
configure:3616: result: no
configure:3616: checking for sha1.h
configure:3616: result: no
configure:3616: checking sha2.h usability
configure:3616: gcc -c -g -O2  conftest.c >&5
conftest.c:63:10: fatal error: sha2.h: No such file or directory
 #include <sha2.h>
          ^~~~~~~~
compilation terminated.
configure:3616: $? = 1
configure: failed program was:
| /* confdefs.h */
| #define PACKAGE_NAME "mtree"
| #define PACKAGE_TARNAME "mtree"
| #define PACKAGE_VERSION "20040722"
| #define PACKAGE_STRING "mtree 20040722"
| #define PACKAGE_BUGREPORT "grant@NetBSD.org"
| #define PACKAGE_URL ""
| #define STDC_HEADERS 1
| #define HAVE_SYS_TYPES_H 1
| #define HAVE_SYS_STAT_H 1
| #define HAVE_STDLIB_H 1
| #define HAVE_STRING_H 1
| #define HAVE_MEMORY_H 1
| #define HAVE_STRINGS_H 1
| #define HAVE_INTTYPES_H 1
| #define HAVE_STDINT_H 1
| #define HAVE_UNISTD_H 1
| #define HAVE_CTYPE_H 1
| #define HAVE_DIRENT_H 1
| #define HAVE_ERR_H 1
| #define HAVE_ERRNO_H 1
| #define HAVE_FCNTL_H 1
| #define HAVE_FNMATCH_H 1
| #define HAVE_FTS_H 1
| #define HAVE_GRP_H 1
| #define HAVE_LIMITS_H 1
| #define HAVE_NETDB_H 1
| #define HAVE_PWD_H 1
| /* end confdefs.h.  */
| #include <stdio.h>
| #ifdef HAVE_SYS_TYPES_H
| # include <sys/types.h>
| #endif
| #ifdef HAVE_SYS_STAT_H
| # include <sys/stat.h>
| #endif
| #ifdef STDC_HEADERS
| # include <stdlib.h>
| # include <stddef.h>
| #else
| # ifdef HAVE_STDLIB_H
| #  include <stdlib.h>
| # endif
| #endif
| #ifdef HAVE_STRING_H
| # if !defined STDC_HEADERS && defined HAVE_MEMORY_H
| #  include <memory.h>
| # endif
| # include <string.h>
| #endif
| #ifdef HAVE_STRINGS_H
| # include <strings.h>
| #endif
| #ifdef HAVE_INTTYPES_H
| # include <inttypes.h>
| #endif
| #ifdef HAVE_STDINT_H
| # include <stdint.h>
| #endif
| #ifdef HAVE_UNISTD_H
| # include <unistd.h>
| #endif
| #include <sha2.h>
configure:3616: result: no
configure:3616: checking sha2.h presence
configure:3616: gcc -E  conftest.c
conftest.c:30:10: fatal error: sha2.h: No such file or directory
 #include <sha2.h>
          ^~~~~~~~
compilation terminated.
configure:3616: $? = 1
configure: failed program was:
| /* confdefs.h */
| #define PACKAGE_NAME "mtree"
| #define PACKAGE_TARNAME "mtree"
| #define PACKAGE_VERSION "20040722"
| #define PACKAGE_STRING "mtree 20040722"
| #define PACKAGE_BUGREPORT "grant@NetBSD.org"
| #define PACKAGE_URL ""
| #define STDC_HEADERS 1
| #define HAVE_SYS_TYPES_H 1
| #define HAVE_SYS_STAT_H 1
| #define HAVE_STDLIB_H 1
| #define HAVE_STRING_H 1
| #define HAVE_MEMORY_H 1
| #define HAVE_STRINGS_H 1
| #define HAVE_INTTYPES_H 1
| #define HAVE_STDINT_H 1
| #define HAVE_UNISTD_H 1
| #define HAVE_CTYPE_H 1
| #define HAVE_DIRENT_H 1
| #define HAVE_ERR_H 1
| #define HAVE_ERRNO_H 1
| #define HAVE_FCNTL_H 1
| #define HAVE_FNMATCH_H 1
| #define HAVE_FTS_H 1
| #define HAVE_GRP_H 1
| #define HAVE_LIMITS_H 1
| #define HAVE_NETDB_H 1
| #define HAVE_PWD_H 1
| /* end confdefs.h.  */
| #include <sha2.h>
configure:3616: result: no
configure:3616: checking for sha2.h
configure:3616: result: no
configure:3616: checking stdarg.h usability
configure:3616: gcc -c -g -O2  conftest.c >&5
configure:3616: $? = 0
configure:3616: result: yes
configure:3616: checking stdarg.h presence
configure:3616: gcc -E  conftest.c
configure:3616: $? = 0
configure:3616: result: yes
configure:3616: checking for stdarg.h
configure:3616: result: yes
configure:3616: checking stddef.h usability
configure:3616: gcc -c -g -O2  conftest.c >&5
configure:3616: $? = 0
configure:3616: result: yes
configure:3616: checking stddef.h presence
configure:3616: gcc -E  conftest.c
configure:3616: $? = 0
configure:3616: result: yes
configure:3616: checking for stddef.h
configure:3616: result: yes
configure:3616: checking stdio.h usability
configure:3616: gcc -c -g -O2  conftest.c >&5
configure:3616: $? = 0
configure:3616: result: yes
configure:3616: checking stdio.h presence
configure:3616: gcc -E  conftest.c
configure:3616: $? = 0
configure:3616: result: yes
configure:3616: checking for stdio.h
configure:3616: result: yes
configure:3616: checking for stdlib.h
configure:3616: result: yes
configure:3616: checking for string.h
configure:3616: result: yes
configure:3616: checking time.h usability
configure:3616: gcc -c -g -O2  conftest.c >&5
configure:3616: $? = 0
configure:3616: result: yes
configure:3616: checking time.h presence
configure:3616: gcc -E  conftest.c
configure:3616: $? = 0
configure:3616: result: yes
configure:3616: checking for time.h
configure:3616: result: yes
configure:3616: checking for unistd.h
configure:3616: result: yes
configure:3616: checking util.h usability
configure:3616: gcc -c -g -O2  conftest.c >&5
conftest.c:70:10: fatal error: util.h: No such file or directory
 #include <util.h>
          ^~~~~~~~
compilation terminated.
configure:3616: $? = 1
configure: failed program was:
| /* confdefs.h */
| #define PACKAGE_NAME "mtree"
| #define PACKAGE_TARNAME "mtree"
| #define PACKAGE_VERSION "20040722"
| #define PACKAGE_STRING "mtree 20040722"
| #define PACKAGE_BUGREPORT "grant@NetBSD.org"
| #define PACKAGE_URL ""
| #define STDC_HEADERS 1
| #define HAVE_SYS_TYPES_H 1
| #define HAVE_SYS_STAT_H 1
| #define HAVE_STDLIB_H 1
| #define HAVE_STRING_H 1
| #define HAVE_MEMORY_H 1
| #define HAVE_STRINGS_H 1
| #define HAVE_INTTYPES_H 1
| #define HAVE_STDINT_H 1
| #define HAVE_UNISTD_H 1
| #define HAVE_CTYPE_H 1
| #define HAVE_DIRENT_H 1
| #define HAVE_ERR_H 1
| #define HAVE_ERRNO_H 1
| #define HAVE_FCNTL_H 1
| #define HAVE_FNMATCH_H 1
| #define HAVE_FTS_H 1
| #define HAVE_GRP_H 1
| #define HAVE_LIMITS_H 1
| #define HAVE_NETDB_H 1
| #define HAVE_PWD_H 1
| #define HAVE_STDARG_H 1
| #define HAVE_STDDEF_H 1
| #define HAVE_STDIO_H 1
| #define HAVE_STDLIB_H 1
| #define HAVE_STRING_H 1
| #define HAVE_TIME_H 1
| #define HAVE_UNISTD_H 1
| /* end confdefs.h.  */
| #include <stdio.h>
| #ifdef HAVE_SYS_TYPES_H
| # include <sys/types.h>
| #endif
| #ifdef HAVE_SYS_STAT_H
| # include <sys/stat.h>
| #endif
| #ifdef STDC_HEADERS
| # include <stdlib.h>
| # include <stddef.h>
| #else
| # ifdef HAVE_STDLIB_H
| #  include <stdlib.h>
| # endif
| #endif
| #ifdef HAVE_STRING_H
| # if !defined STDC_HEADERS && defined HAVE_MEMORY_H
| #  include <memory.h>
| # endif
| # include <string.h>
| #endif
| #ifdef HAVE_STRINGS_H
| # include <strings.h>
| #endif
| #ifdef HAVE_INTTYPES_H
| # include <inttypes.h>
| #endif
| #ifdef HAVE_STDINT_H
| # include <stdint.h>
| #endif
| #ifdef HAVE_UNISTD_H
| # include <unistd.h>
| #endif
| #include <util.h>
configure:3616: result: no
configure:3616: checking util.h presence
configure:3616: gcc -E  conftest.c
conftest.c:37:10: fatal error: util.h: No such file or directory
 #include <util.h>
          ^~~~~~~~
compilation terminated.
configure:3616: $? = 1
configure: failed program was:
| /* confdefs.h */
| #define PACKAGE_NAME "mtree"
| #define PACKAGE_TARNAME "mtree"
| #define PACKAGE_VERSION "20040722"
| #define PACKAGE_STRING "mtree 20040722"
| #define PACKAGE_BUGREPORT "grant@NetBSD.org"
| #define PACKAGE_URL ""
| #define STDC_HEADERS 1
| #define HAVE_SYS_TYPES_H 1
| #define HAVE_SYS_STAT_H 1
| #define HAVE_STDLIB_H 1
| #define HAVE_STRING_H 1
| #define HAVE_MEMORY_H 1
| #define HAVE_STRINGS_H 1
| #define HAVE_INTTYPES_H 1
| #define HAVE_STDINT_H 1
| #define HAVE_UNISTD_H 1
| #define HAVE_CTYPE_H 1
| #define HAVE_DIRENT_H 1
| #define HAVE_ERR_H 1
| #define HAVE_ERRNO_H 1
| #define HAVE_FCNTL_H 1
| #define HAVE_FNMATCH_H 1
| #define HAVE_FTS_H 1
| #define HAVE_GRP_H 1
| #define HAVE_LIMITS_H 1
| #define HAVE_NETDB_H 1
| #define HAVE_PWD_H 1
| #define HAVE_STDARG_H 1
| #define HAVE_STDDEF_H 1
| #define HAVE_STDIO_H 1
| #define HAVE_STDLIB_H 1
| #define HAVE_STRING_H 1
| #define HAVE_TIME_H 1
| #define HAVE_UNISTD_H 1
| /* end confdefs.h.  */
| #include <util.h>
configure:3616: result: no
configure:3616: checking for util.h
configure:3616: result: no
configure:3616: checking vis.h usability
configure:3616: gcc -c -g -O2  conftest.c >&5
conftest.c:70:10: fatal error: vis.h: No such file or directory
 #include <vis.h>
          ^~~~~~~
compilation terminated.
configure:3616: $? = 1
configure: failed program was:
| /* confdefs.h */
| #define PACKAGE_NAME "mtree"
| #define PACKAGE_TARNAME "mtree"
| #define PACKAGE_VERSION "20040722"
| #define PACKAGE_STRING "mtree 20040722"
| #define PACKAGE_BUGREPORT "grant@NetBSD.org"
| #define PACKAGE_URL ""
| #define STDC_HEADERS 1
| #define HAVE_SYS_TYPES_H 1
| #define HAVE_SYS_STAT_H 1
| #define HAVE_STDLIB_H 1
| #define HAVE_STRING_H 1
| #define HAVE_MEMORY_H 1
| #define HAVE_STRINGS_H 1
| #define HAVE_INTTYPES_H 1
| #define HAVE_STDINT_H 1
| #define HAVE_UNISTD_H 1
| #define HAVE_CTYPE_H 1
| #define HAVE_DIRENT_H 1
| #define HAVE_ERR_H 1
| #define HAVE_ERRNO_H 1
| #define HAVE_FCNTL_H 1
| #define HAVE_FNMATCH_H 1
| #define HAVE_FTS_H 1
| #define HAVE_GRP_H 1
| #define HAVE_LIMITS_H 1
| #define HAVE_NETDB_H 1
| #define HAVE_PWD_H 1
| #define HAVE_STDARG_H 1
| #define HAVE_STDDEF_H 1
| #define HAVE_STDIO_H 1
| #define HAVE_STDLIB_H 1
| #define HAVE_STRING_H 1
| #define HAVE_TIME_H 1
| #define HAVE_UNISTD_H 1
| /* end confdefs.h.  */
| #include <stdio.h>
| #ifdef HAVE_SYS_TYPES_H
| # include <sys/types.h>
| #endif
| #ifdef HAVE_SYS_STAT_H
| # include <sys/stat.h>
| #endif
| #ifdef STDC_HEADERS
| # include <stdlib.h>
| # include <stddef.h>
| #else
| # ifdef HAVE_STDLIB_H
| #  include <stdlib.h>
| # endif
| #endif
| #ifdef HAVE_STRING_H
| # if !defined STDC_HEADERS && defined HAVE_MEMORY_H
| #  include <memory.h>
| # endif
| # include <string.h>
| #endif
| #ifdef HAVE_STRINGS_H
| # include <strings.h>
| #endif
| #ifdef HAVE_INTTYPES_H
| # include <inttypes.h>
| #endif
| #ifdef HAVE_STDINT_H
| # include <stdint.h>
| #endif
| #ifdef HAVE_UNISTD_H
| # include <unistd.h>
| #endif
| #include <vis.h>
configure:3616: result: no
configure:3616: checking vis.h presence
configure:3616: gcc -E  conftest.c
conftest.c:37:10: fatal error: vis.h: No such file or directory
 #include <vis.h>
          ^~~~~~~
compilation terminated.
configure:3616: $? = 1
configure: failed program was:
| /* confdefs.h */
| #define PACKAGE_NAME "mtree"
| #define PACKAGE_TARNAME "mtree"
| #define PACKAGE_VERSION "20040722"
| #define PACKAGE_STRING "mtree 20040722"
| #define PACKAGE_BUGREPORT "grant@NetBSD.org"
| #define PACKAGE_URL ""
| #define STDC_HEADERS 1
| #define HAVE_SYS_TYPES_H 1
| #define HAVE_SYS_STAT_H 1
| #define HAVE_STDLIB_H 1
| #define HAVE_STRING_H 1
| #define HAVE_MEMORY_H 1
| #define HAVE_STRINGS_H 1
| #define HAVE_INTTYPES_H 1
| #define HAVE_STDINT_H 1
| #define HAVE_UNISTD_H 1
| #define HAVE_CTYPE_H 1
| #define HAVE_DIRENT_H 1
| #define HAVE_ERR_H 1
| #define HAVE_ERRNO_H 1
| #define HAVE_FCNTL_H 1
| #define HAVE_FNMATCH_H 1
| #define HAVE_FTS_H 1
| #define HAVE_GRP_H 1
| #define HAVE_LIMITS_H 1
| #define HAVE_NETDB_H 1
| #define HAVE_PWD_H 1
| #define HAVE_STDARG_H 1
| #define HAVE_STDDEF_H 1
| #define HAVE_STDIO_H 1
| #define HAVE_STDLIB_H 1
| #define HAVE_STRING_H 1
| #define HAVE_TIME_H 1
| #define HAVE_UNISTD_H 1
| /* end confdefs.h.  */
| #include <vis.h>
configure:3616: result: no
configure:3616: checking for vis.h
configure:3616: result: no
configure:3629: checking sys/cdefs.h usability
configure:3629: gcc -c -g -O2  conftest.c >&5
configure:3629: $? = 0
configure:3629: result: yes
configure:3629: checking sys/cdefs.h presence
configure:3629: gcc -E  conftest.c
configure:3629: $? = 0
configure:3629: result: yes
configure:3629: checking for sys/cdefs.h
configure:3629: result: yes
configure:3629: checking sys/param.h usability
configure:3629: gcc -c -g -O2  conftest.c >&5
configure:3629: $? = 0
configure:3629: result: yes
configure:3629: checking sys/param.h presence
configure:3629: gcc -E  conftest.c
configure:3629: $? = 0
configure:3629: result: yes
configure:3629: checking for sys/param.h
configure:3629: result: yes
configure:3629: checking sys/queue.h usability
configure:3629: gcc -c -g -O2  conftest.c >&5
configure:3629: $? = 0
configure:3629: result: yes
configure:3629: checking sys/queue.h presence
configure:3629: gcc -E  conftest.c
configure:3629: $? = 0
configure:3629: result: yes
configure:3629: checking for sys/queue.h
configure:3629: result: yes
configure:3629: checking for sys/stat.h
configure:3629: result: yes
configure:3629: checking for sys/types.h
configure:3629: result: yes
configure:3641: checking for an ANSI C-conforming const
configure:3707: gcc -c -g -O2  conftest.c >&5
configure:3707: $? = 0
configure:3714: result: yes
configure:3722: checking for uid_t in sys/types.h
configure:3741: result: yes
configure:3752: checking for mode_t
configure:3752: gcc -c -g -O2  conftest.c >&5
configure:3752: $? = 0
configure:3752: gcc -c -g -O2  conftest.c >&5
conftest.c: In function 'main':
conftest.c:78:21: error: expected expression before ')' token
 if (sizeof ((mode_t)))
                     ^
configure:3752: $? = 1
configure: failed program was:
| /* confdefs.h */
| #define PACKAGE_NAME "mtree"
| #define PACKAGE_TARNAME "mtree"
| #define PACKAGE_VERSION "20040722"
| #define PACKAGE_STRING "mtree 20040722"
| #define PACKAGE_BUGREPORT "grant@NetBSD.org"
| #define PACKAGE_URL ""
| #define STDC_HEADERS 1
| #define HAVE_SYS_TYPES_H 1
| #define HAVE_SYS_STAT_H 1
| #define HAVE_STDLIB_H 1
| #define HAVE_STRING_H 1
| #define HAVE_MEMORY_H 1
| #define HAVE_STRINGS_H 1
| #define HAVE_INTTYPES_H 1
| #define HAVE_STDINT_H 1
| #define HAVE_UNISTD_H 1
| #define HAVE_CTYPE_H 1
| #define HAVE_DIRENT_H 1
| #define HAVE_ERR_H 1
| #define HAVE_ERRNO_H 1
| #define HAVE_FCNTL_H 1
| #define HAVE_FNMATCH_H 1
| #define HAVE_FTS_H 1
| #define HAVE_GRP_H 1
| #define HAVE_LIMITS_H 1
| #define HAVE_NETDB_H 1
| #define HAVE_PWD_H 1
| #define HAVE_STDARG_H 1
| #define HAVE_STDDEF_H 1
| #define HAVE_STDIO_H 1
| #define HAVE_STDLIB_H 1
| #define HAVE_STRING_H 1
| #define HAVE_TIME_H 1
| #define HAVE_UNISTD_H 1
| #define HAVE_SYS_CDEFS_H 1
| #define HAVE_SYS_PARAM_H 1
| #define HAVE_SYS_QUEUE_H 1
| #define HAVE_SYS_STAT_H 1
| #define HAVE_SYS_TYPES_H 1
| /* end confdefs.h.  */
| #include <stdio.h>
| #ifdef HAVE_SYS_TYPES_H
| # include <sys/types.h>
| #endif
| #ifdef HAVE_SYS_STAT_H
| # include <sys/stat.h>
| #endif
| #ifdef STDC_HEADERS
| # include <stdlib.h>
| # include <stddef.h>
| #else
| # ifdef HAVE_STDLIB_H
| #  include <stdlib.h>
| # endif
| #endif
| #ifdef HAVE_STRING_H
| # if !defined STDC_HEADERS && defined HAVE_MEMORY_H
| #  include <memory.h>
| # endif
| # include <string.h>
| #endif
| #ifdef HAVE_STRINGS_H
| # include <strings.h>
| #endif
| #ifdef HAVE_INTTYPES_H
| # include <inttypes.h>
| #endif
| #ifdef HAVE_STDINT_H
| # include <stdint.h>
| #endif
| #ifdef HAVE_UNISTD_H
| # include <unistd.h>
| #endif
| int
| main ()
| {
| if (sizeof ((mode_t)))
| 	    return 0;
|   ;
|   return 0;
| }
configure:3752: result: yes
configure:3763: checking for off_t
configure:3763: gcc -c -g -O2  conftest.c >&5
configure:3763: $? = 0
configure:3763: gcc -c -g -O2  conftest.c >&5
conftest.c: In function 'main':
conftest.c:78:20: error: expected expression before ')' token
 if (sizeof ((off_t)))
                    ^
configure:3763: $? = 1
configure: failed program was:
| /* confdefs.h */
| #define PACKAGE_NAME "mtree"
| #define PACKAGE_TARNAME "mtree"
| #define PACKAGE_VERSION "20040722"
| #define PACKAGE_STRING "mtree 20040722"
| #define PACKAGE_BUGREPORT "grant@NetBSD.org"
| #define PACKAGE_URL ""
| #define STDC_HEADERS 1
| #define HAVE_SYS_TYPES_H 1
| #define HAVE_SYS_STAT_H 1
| #define HAVE_STDLIB_H 1
| #define HAVE_STRING_H 1
| #define HAVE_MEMORY_H 1
| #define HAVE_STRINGS_H 1
| #define HAVE_INTTYPES_H 1
| #define HAVE_STDINT_H 1
| #define HAVE_UNISTD_H 1
| #define HAVE_CTYPE_H 1
| #define HAVE_DIRENT_H 1
| #define HAVE_ERR_H 1
| #define HAVE_ERRNO_H 1
| #define HAVE_FCNTL_H 1
| #define HAVE_FNMATCH_H 1
| #define HAVE_FTS_H 1
| #define HAVE_GRP_H 1
| #define HAVE_LIMITS_H 1
| #define HAVE_NETDB_H 1
| #define HAVE_PWD_H 1
| #define HAVE_STDARG_H 1
| #define HAVE_STDDEF_H 1
| #define HAVE_STDIO_H 1
| #define HAVE_STDLIB_H 1
| #define HAVE_STRING_H 1
| #define HAVE_TIME_H 1
| #define HAVE_UNISTD_H 1
| #define HAVE_SYS_CDEFS_H 1
| #define HAVE_SYS_PARAM_H 1
| #define HAVE_SYS_QUEUE_H 1
| #define HAVE_SYS_STAT_H 1
| #define HAVE_SYS_TYPES_H 1
| /* end confdefs.h.  */
| #include <stdio.h>
| #ifdef HAVE_SYS_TYPES_H
| # include <sys/types.h>
| #endif
| #ifdef HAVE_SYS_STAT_H
| # include <sys/stat.h>
| #endif
| #ifdef STDC_HEADERS
| # include <stdlib.h>
| # include <stddef.h>
| #else
| # ifdef HAVE_STDLIB_H
| #  include <stdlib.h>
| # endif
| #endif
| #ifdef HAVE_STRING_H
| # if !defined STDC_HEADERS && defined HAVE_MEMORY_H
| #  include <memory.h>
| # endif
| # include <string.h>
| #endif
| #ifdef HAVE_STRINGS_H
| # include <strings.h>
| #endif
| #ifdef HAVE_INTTYPES_H
| # include <inttypes.h>
| #endif
| #ifdef HAVE_STDINT_H
| # include <stdint.h>
| #endif
| #ifdef HAVE_UNISTD_H
| # include <unistd.h>
| #endif
| int
| main ()
| {
| if (sizeof ((off_t)))
| 	    return 0;
|   ;
|   return 0;
| }
configure:3763: result: yes
configure:3774: checking for size_t
configure:3774: gcc -c -g -O2  conftest.c >&5
configure:3774: $? = 0
configure:3774: gcc -c -g -O2  conftest.c >&5
conftest.c: In function 'main':
conftest.c:78:21: error: expected expression before ')' token
 if (sizeof ((size_t)))
                     ^
configure:3774: $? = 1
configure: failed program was:
| /* confdefs.h */
| #define PACKAGE_NAME "mtree"
| #define PACKAGE_TARNAME "mtree"
| #define PACKAGE_VERSION "20040722"
| #define PACKAGE_STRING "mtree 20040722"
| #define PACKAGE_BUGREPORT "grant@NetBSD.org"
| #define PACKAGE_URL ""
| #define STDC_HEADERS 1
| #define HAVE_SYS_TYPES_H 1
| #define HAVE_SYS_STAT_H 1
| #define HAVE_STDLIB_H 1
| #define HAVE_STRING_H 1
| #define HAVE_MEMORY_H 1
| #define HAVE_STRINGS_H 1
| #define HAVE_INTTYPES_H 1
| #define HAVE_STDINT_H 1
| #define HAVE_UNISTD_H 1
| #define HAVE_CTYPE_H 1
| #define HAVE_DIRENT_H 1
| #define HAVE_ERR_H 1
| #define HAVE_ERRNO_H 1
| #define HAVE_FCNTL_H 1
| #define HAVE_FNMATCH_H 1
| #define HAVE_FTS_H 1
| #define HAVE_GRP_H 1
| #define HAVE_LIMITS_H 1
| #define HAVE_NETDB_H 1
| #define HAVE_PWD_H 1
| #define HAVE_STDARG_H 1
| #define HAVE_STDDEF_H 1
| #define HAVE_STDIO_H 1
| #define HAVE_STDLIB_H 1
| #define HAVE_STRING_H 1
| #define HAVE_TIME_H 1
| #define HAVE_UNISTD_H 1
| #define HAVE_SYS_CDEFS_H 1
| #define HAVE_SYS_PARAM_H 1
| #define HAVE_SYS_QUEUE_H 1
| #define HAVE_SYS_STAT_H 1
| #define HAVE_SYS_TYPES_H 1
| /* end confdefs.h.  */
| #include <stdio.h>
| #ifdef HAVE_SYS_TYPES_H
| # include <sys/types.h>
| #endif
| #ifdef HAVE_SYS_STAT_H
| # include <sys/stat.h>
| #endif
| #ifdef STDC_HEADERS
| # include <stdlib.h>
| # include <stddef.h>
| #else
| # ifdef HAVE_STDLIB_H
| #  include <stdlib.h>
| # endif
| #endif
| #ifdef HAVE_STRING_H
| # if !defined STDC_HEADERS && defined HAVE_MEMORY_H
| #  include <memory.h>
| # endif
| # include <string.h>
| #endif
| #ifdef HAVE_STRINGS_H
| # include <strings.h>
| #endif
| #ifdef HAVE_INTTYPES_H
| # include <inttypes.h>
| #endif
| #ifdef HAVE_STDINT_H
| # include <stdint.h>
| #endif
| #ifdef HAVE_UNISTD_H
| # include <unistd.h>
| #endif
| int
| main ()
| {
| if (sizeof ((size_t)))
| 	    return 0;
|   ;
|   return 0;
| }
configure:3774: result: yes
configure:3785: checking for struct stat.st_rdev
configure:3785: gcc -c -g -O2  conftest.c >&5
configure:3785: $? = 0
configure:3785: result: yes
configure:3795: checking for struct stat.st_flags
configure:3795: gcc -c -g -O2  conftest.c >&5
conftest.c: In function 'main':
conftest.c:80:13: error: 'struct stat' has no member named 'st_flags'; did you mean 'st_nlink'?
 if (ac_aggr.st_flags)
             ^~~~~~~~
             st_nlink
configure:3795: $? = 1
configure: failed program was:
| /* confdefs.h */
| #define PACKAGE_NAME "mtree"
| #define PACKAGE_TARNAME "mtree"
| #define PACKAGE_VERSION "20040722"
| #define PACKAGE_STRING "mtree 20040722"
| #define PACKAGE_BUGREPORT "grant@NetBSD.org"
| #define PACKAGE_URL ""
| #define STDC_HEADERS 1
| #define HAVE_SYS_TYPES_H 1
| #define HAVE_SYS_STAT_H 1
| #define HAVE_STDLIB_H 1
| #define HAVE_STRING_H 1
| #define HAVE_MEMORY_H 1
| #define HAVE_STRINGS_H 1
| #define HAVE_INTTYPES_H 1
| #define HAVE_STDINT_H 1
| #define HAVE_UNISTD_H 1
| #define HAVE_CTYPE_H 1
| #define HAVE_DIRENT_H 1
| #define HAVE_ERR_H 1
| #define HAVE_ERRNO_H 1
| #define HAVE_FCNTL_H 1
| #define HAVE_FNMATCH_H 1
| #define HAVE_FTS_H 1
| #define HAVE_GRP_H 1
| #define HAVE_LIMITS_H 1
| #define HAVE_NETDB_H 1
| #define HAVE_PWD_H 1
| #define HAVE_STDARG_H 1
| #define HAVE_STDDEF_H 1
| #define HAVE_STDIO_H 1
| #define HAVE_STDLIB_H 1
| #define HAVE_STRING_H 1
| #define HAVE_TIME_H 1
| #define HAVE_UNISTD_H 1
| #define HAVE_SYS_CDEFS_H 1
| #define HAVE_SYS_PARAM_H 1
| #define HAVE_SYS_QUEUE_H 1
| #define HAVE_SYS_STAT_H 1
| #define HAVE_SYS_TYPES_H 1
| #define HAVE_STRUCT_STAT_ST_RDEV 1
| /* end confdefs.h.  */
| #include <stdio.h>
| #ifdef HAVE_SYS_TYPES_H
| # include <sys/types.h>
| #endif
| #ifdef HAVE_SYS_STAT_H
| # include <sys/stat.h>
| #endif
| #ifdef STDC_HEADERS
| # include <stdlib.h>
| # include <stddef.h>
| #else
| # ifdef HAVE_STDLIB_H
| #  include <stdlib.h>
| # endif
| #endif
| #ifdef HAVE_STRING_H
| # if !defined STDC_HEADERS && defined HAVE_MEMORY_H
| #  include <memory.h>
| # endif
| # include <string.h>
| #endif
| #ifdef HAVE_STRINGS_H
| # include <strings.h>
| #endif
| #ifdef HAVE_INTTYPES_H
| # include <inttypes.h>
| #endif
| #ifdef HAVE_STDINT_H
| # include <stdint.h>
| #endif
| #ifdef HAVE_UNISTD_H
| # include <unistd.h>
| #endif
| int
| main ()
| {
| static struct stat ac_aggr;
| if (ac_aggr.st_flags)
| return 0;
|   ;
|   return 0;
| }
configure:3795: gcc -c -g -O2  conftest.c >&5
conftest.c: In function 'main':
conftest.c:80:20: error: 'struct stat' has no member named 'st_flags'; did you mean 'st_nlink'?
 if (sizeof ac_aggr.st_flags)
                    ^~~~~~~~
                    st_nlink
configure:3795: $? = 1
configure: failed program was:
| /* confdefs.h */
| #define PACKAGE_NAME "mtree"
| #define PACKAGE_TARNAME "mtree"
| #define PACKAGE_VERSION "20040722"
| #define PACKAGE_STRING "mtree 20040722"
| #define PACKAGE_BUGREPORT "grant@NetBSD.org"
| #define PACKAGE_URL ""
| #define STDC_HEADERS 1
| #define HAVE_SYS_TYPES_H 1
| #define HAVE_SYS_STAT_H 1
| #define HAVE_STDLIB_H 1
| #define HAVE_STRING_H 1
| #define HAVE_MEMORY_H 1
| #define HAVE_STRINGS_H 1
| #define HAVE_INTTYPES_H 1
| #define HAVE_STDINT_H 1
| #define HAVE_UNISTD_H 1
| #define HAVE_CTYPE_H 1
| #define HAVE_DIRENT_H 1
| #define HAVE_ERR_H 1
| #define HAVE_ERRNO_H 1
| #define HAVE_FCNTL_H 1
| #define HAVE_FNMATCH_H 1
| #define HAVE_FTS_H 1
| #define HAVE_GRP_H 1
| #define HAVE_LIMITS_H 1
| #define HAVE_NETDB_H 1
| #define HAVE_PWD_H 1
| #define HAVE_STDARG_H 1
| #define HAVE_STDDEF_H 1
| #define HAVE_STDIO_H 1
| #define HAVE_STDLIB_H 1
| #define HAVE_STRING_H 1
| #define HAVE_TIME_H 1
| #define HAVE_UNISTD_H 1
| #define HAVE_SYS_CDEFS_H 1
| #define HAVE_SYS_PARAM_H 1
| #define HAVE_SYS_QUEUE_H 1
| #define HAVE_SYS_STAT_H 1
| #define HAVE_SYS_TYPES_H 1
| #define HAVE_STRUCT_STAT_ST_RDEV 1
| /* end confdefs.h.  */
| #include <stdio.h>
| #ifdef HAVE_SYS_TYPES_H
| # include <sys/types.h>
| #endif
| #ifdef HAVE_SYS_STAT_H
| # include <sys/stat.h>
| #endif
| #ifdef STDC_HEADERS
| # include <stdlib.h>
| # include <stddef.h>
| #else
| # ifdef HAVE_STDLIB_H
| #  include <stdlib.h>
| # endif
| #endif
| #ifdef HAVE_STRING_H
| # if !defined STDC_HEADERS && defined HAVE_MEMORY_H
| #  include <memory.h>
| # endif
| # include <string.h>
| #endif
| #ifdef HAVE_STRINGS_H
| # include <strings.h>
| #endif
| #ifdef HAVE_INTTYPES_H
| # include <inttypes.h>
| #endif
| #ifdef HAVE_STDINT_H
| # include <stdint.h>
| #endif
| #ifdef HAVE_UNISTD_H
| # include <unistd.h>
| #endif
| int
| main ()
| {
| static struct stat ac_aggr;
| if (sizeof ac_aggr.st_flags)
| return 0;
|   ;
|   return 0;
| }
configure:3795: result: no
configure:3805: checking whether UF_SETTABLE is declared
configure:3805: gcc -c -g -O2  conftest.c >&5
conftest.c: In function 'main':
conftest.c:83:10: error: 'UF_SETTABLE' undeclared (first use in this function)
   (void) UF_SETTABLE;
          ^~~~~~~~~~~
conftest.c:83:10: note: each undeclared identifier is reported only once for each function it appears in
configure:3805: $? = 1
configure: failed program was:
| /* confdefs.h */
| #define PACKAGE_NAME "mtree"
| #define PACKAGE_TARNAME "mtree"
| #define PACKAGE_VERSION "20040722"
| #define PACKAGE_STRING "mtree 20040722"
| #define PACKAGE_BUGREPORT "grant@NetBSD.org"
| #define PACKAGE_URL ""
| #define STDC_HEADERS 1
| #define HAVE_SYS_TYPES_H 1
| #define HAVE_SYS_STAT_H 1
| #define HAVE_STDLIB_H 1
| #define HAVE_STRING_H 1
| #define HAVE_MEMORY_H 1
| #define HAVE_STRINGS_H 1
| #define HAVE_INTTYPES_H 1
| #define HAVE_STDINT_H 1
| #define HAVE_UNISTD_H 1
| #define HAVE_CTYPE_H 1
| #define HAVE_DIRENT_H 1
| #define HAVE_ERR_H 1
| #define HAVE_ERRNO_H 1
| #define HAVE_FCNTL_H 1
| #define HAVE_FNMATCH_H 1
| #define HAVE_FTS_H 1
| #define HAVE_GRP_H 1
| #define HAVE_LIMITS_H 1
| #define HAVE_NETDB_H 1
| #define HAVE_PWD_H 1
| #define HAVE_STDARG_H 1
| #define HAVE_STDDEF_H 1
| #define HAVE_STDIO_H 1
| #define HAVE_STDLIB_H 1
| #define HAVE_STRING_H 1
| #define HAVE_TIME_H 1
| #define HAVE_UNISTD_H 1
| #define HAVE_SYS_CDEFS_H 1
| #define HAVE_SYS_PARAM_H 1
| #define HAVE_SYS_QUEUE_H 1
| #define HAVE_SYS_STAT_H 1
| #define HAVE_SYS_TYPES_H 1
| #define HAVE_STRUCT_STAT_ST_RDEV 1
| /* end confdefs.h.  */
| #include <stdio.h>
| #ifdef HAVE_SYS_TYPES_H
| # include <sys/types.h>
| #endif
| #ifdef HAVE_SYS_STAT_H
| # include <sys/stat.h>
| #endif
| #ifdef STDC_HEADERS
| # include <stdlib.h>
| # include <stddef.h>
| #else
| # ifdef HAVE_STDLIB_H
| #  include <stdlib.h>
| # endif
| #endif
| #ifdef HAVE_STRING_H
| # if !defined STDC_HEADERS && defined HAVE_MEMORY_H
| #  include <memory.h>
| # endif
| # include <string.h>
| #endif
| #ifdef HAVE_STRINGS_H
| # include <strings.h>
| #endif
| #ifdef HAVE_INTTYPES_H
| # include <inttypes.h>
| #endif
| #ifdef HAVE_STDINT_H
| # include <stdint.h>
| #endif
| #ifdef HAVE_UNISTD_H
| # include <unistd.h>
| #endif
| int
| main ()
| {
| #ifndef UF_SETTABLE
| #ifdef __cplusplus
|   (void) UF_SETTABLE;
| #else
|   (void) UF_SETTABLE;
| #endif
| #endif
| 
|   ;
|   return 0;
| }
configure:3805: result: no
configure:3815: checking whether SF_SETTABLE is declared
configure:3815: gcc -c -g -O2  conftest.c >&5
conftest.c: In function 'main':
conftest.c:84:10: error: 'SF_SETTABLE' undeclared (first use in this function)
   (void) SF_SETTABLE;
          ^~~~~~~~~~~
conftest.c:84:10: note: each undeclared identifier is reported only once for each function it appears in
configure:3815: $? = 1
configure: failed program was:
| /* confdefs.h */
| #define PACKAGE_NAME "mtree"
| #define PACKAGE_TARNAME "mtree"
| #define PACKAGE_VERSION "20040722"
| #define PACKAGE_STRING "mtree 20040722"
| #define PACKAGE_BUGREPORT "grant@NetBSD.org"
| #define PACKAGE_URL ""
| #define STDC_HEADERS 1
| #define HAVE_SYS_TYPES_H 1
| #define HAVE_SYS_STAT_H 1
| #define HAVE_STDLIB_H 1
| #define HAVE_STRING_H 1
| #define HAVE_MEMORY_H 1
| #define HAVE_STRINGS_H 1
| #define HAVE_INTTYPES_H 1
| #define HAVE_STDINT_H 1
| #define HAVE_UNISTD_H 1
| #define HAVE_CTYPE_H 1
| #define HAVE_DIRENT_H 1
| #define HAVE_ERR_H 1
| #define HAVE_ERRNO_H 1
| #define HAVE_FCNTL_H 1
| #define HAVE_FNMATCH_H 1
| #define HAVE_FTS_H 1
| #define HAVE_GRP_H 1
| #define HAVE_LIMITS_H 1
| #define HAVE_NETDB_H 1
| #define HAVE_PWD_H 1
| #define HAVE_STDARG_H 1
| #define HAVE_STDDEF_H 1
| #define HAVE_STDIO_H 1
| #define HAVE_STDLIB_H 1
| #define HAVE_STRING_H 1
| #define HAVE_TIME_H 1
| #define HAVE_UNISTD_H 1
| #define HAVE_SYS_CDEFS_H 1
| #define HAVE_SYS_PARAM_H 1
| #define HAVE_SYS_QUEUE_H 1
| #define HAVE_SYS_STAT_H 1
| #define HAVE_SYS_TYPES_H 1
| #define HAVE_STRUCT_STAT_ST_RDEV 1
| #define HAVE_DECL_UF_SETTABLE 0
| /* end confdefs.h.  */
| #include <stdio.h>
| #ifdef HAVE_SYS_TYPES_H
| # include <sys/types.h>
| #endif
| #ifdef HAVE_SYS_STAT_H
| # include <sys/stat.h>
| #endif
| #ifdef STDC_HEADERS
| # include <stdlib.h>
| # include <stddef.h>
| #else
| # ifdef HAVE_STDLIB_H
| #  include <stdlib.h>
| # endif
| #endif
| #ifdef HAVE_STRING_H
| # if !defined STDC_HEADERS && defined HAVE_MEMORY_H
| #  include <memory.h>
| # endif
| # include <string.h>
| #endif
| #ifdef HAVE_STRINGS_H
| # include <strings.h>
| #endif
| #ifdef HAVE_INTTYPES_H
| # include <inttypes.h>
| #endif
| #ifdef HAVE_STDINT_H
| # include <stdint.h>
| #endif
| #ifdef HAVE_UNISTD_H
| # include <unistd.h>
| #endif
| int
| main ()
| {
| #ifndef SF_SETTABLE
| #ifdef __cplusplus
|   (void) SF_SETTABLE;
| #else
|   (void) SF_SETTABLE;
| #endif
| #endif
| 
|   ;
|   return 0;
| }
configure:3815: result: no
configure:3827: checking whether time.h and sys/time.h may both be included
configure:3847: gcc -c -g -O2  conftest.c >&5
configure:3847: $? = 0
configure:3854: result: yes
configure:3866: checking for working alloca.h
configure:3883: gcc -o conftest -g -O2   conftest.c  >&5
configure:3883: $? = 0
configure:3891: result: yes
configure:3899: checking for alloca
configure:3938: gcc -o conftest -g -O2   conftest.c  >&5
configure:3938: $? = 0
configure:3946: result: yes
configure:4052: checking for mbstate_t
configure:4069: gcc -c -g -O2  conftest.c >&5
configure:4069: $? = 0
configure:4076: result: yes
configure:4087: checking for working POSIX fnmatch
configure:4120: gcc -o conftest -g -O2   conftest.c  >&5
configure:4120: $? = 0
configure:4120: ./conftest
configure:4120: $? = 0
configure:4130: result: yes
configure:4189: checking for endgrent
configure:4189: gcc -o conftest -g -O2   conftest.c  >&5
configure:4189: $? = 0
configure:4189: result: yes
configure:4189: checking for endpwent
configure:4189: gcc -o conftest -g -O2   conftest.c  >&5
configure:4189: $? = 0
configure:4189: result: yes
configure:4189: checking for getcwd
configure:4189: gcc -o conftest -g -O2   conftest.c  >&5
configure:4189: $? = 0
configure:4189: result: yes
configure:4189: checking for gethostname
configure:4189: gcc -o conftest -g -O2   conftest.c  >&5
configure:4189: $? = 0
configure:4189: result: yes
configure:4189: checking for mkdir
configure:4189: gcc -o conftest -g -O2   conftest.c  >&5
configure:4189: $? = 0
configure:4189: result: yes
configure:4189: checking for SHA256_File
configure:4189: gcc -o conftest -g -O2   conftest.c  >&5
/usr/bin/ld: /tmp/ccCLzVOf.o: in function `main':
/home/jamacku/Source/mtree-netbsd/conftest.c:88: undefined reference to `SHA256_File'
collect2: error: ld returned 1 exit status
configure:4189: $? = 1
configure: failed program was:
| /* confdefs.h */
| #define PACKAGE_NAME "mtree"
| #define PACKAGE_TARNAME "mtree"
| #define PACKAGE_VERSION "20040722"
| #define PACKAGE_STRING "mtree 20040722"
| #define PACKAGE_BUGREPORT "grant@NetBSD.org"
| #define PACKAGE_URL ""
| #define STDC_HEADERS 1
| #define HAVE_SYS_TYPES_H 1
| #define HAVE_SYS_STAT_H 1
| #define HAVE_STDLIB_H 1
| #define HAVE_STRING_H 1
| #define HAVE_MEMORY_H 1
| #define HAVE_STRINGS_H 1
| #define HAVE_INTTYPES_H 1
| #define HAVE_STDINT_H 1
| #define HAVE_UNISTD_H 1
| #define HAVE_CTYPE_H 1
| #define HAVE_DIRENT_H 1
| #define HAVE_ERR_H 1
| #define HAVE_ERRNO_H 1
| #define HAVE_FCNTL_H 1
| #define HAVE_FNMATCH_H 1
| #define HAVE_FTS_H 1
| #define HAVE_GRP_H 1
| #define HAVE_LIMITS_H 1
| #define HAVE_NETDB_H 1
| #define HAVE_PWD_H 1
| #define HAVE_STDARG_H 1
| #define HAVE_STDDEF_H 1
| #define HAVE_STDIO_H 1
| #define HAVE_STDLIB_H 1
| #define HAVE_STRING_H 1
| #define HAVE_TIME_H 1
| #define HAVE_UNISTD_H 1
| #define HAVE_SYS_CDEFS_H 1
| #define HAVE_SYS_PARAM_H 1
| #define HAVE_SYS_QUEUE_H 1
| #define HAVE_SYS_STAT_H 1
| #define HAVE_SYS_TYPES_H 1
| #define HAVE_STRUCT_STAT_ST_RDEV 1
| #define HAVE_DECL_UF_SETTABLE 0
| #define HAVE_DECL_SF_SETTABLE 0
| #define TIME_WITH_SYS_TIME 1
| #define HAVE_ALLOCA_H 1
| #define HAVE_ALLOCA 1
| #define HAVE_MBSTATE_T 1
| #define HAVE_ENDGRENT 1
| #define HAVE_ENDPWENT 1
| #define HAVE_GETCWD 1
| #define HAVE_GETHOSTNAME 1
| #define HAVE_MKDIR 1
| /* end confdefs.h.  */
| /* Define SHA256_File to an innocuous variant, in case <limits.h> declares SHA256_File.
|    For example, HP-UX 11i <limits.h> declares gettimeofday.  */
| #define SHA256_File innocuous_SHA256_File
| 
| /* System header to define __stub macros and hopefully few prototypes,
|     which can conflict with char SHA256_File (); below.
|     Prefer <limits.h> to <assert.h> if __STDC__ is defined, since
|     <limits.h> exists even on freestanding compilers.  */
| 
| #ifdef __STDC__
| # include <limits.h>
| #else
| # include <assert.h>
| #endif
| 
| #undef SHA256_File
| 
| /* Override any GCC internal prototype to avoid an error.
|    Use char because int might match the return type of a GCC
|    builtin and then its argument prototype would still apply.  */
| #ifdef __cplusplus
| extern "C"
| #endif
| char SHA256_File ();
| /* The GNU C library defines this for functions which it implements
|     to always fail with ENOSYS.  Some functions are actually named
|     something starting with __ and the normal name is an alias.  */
| #if defined __stub_SHA256_File || defined __stub___SHA256_File
| choke me
| #endif
| 
| int
| main ()
| {
| return SHA256_File ();
|   ;
|   return 0;
| }
configure:4189: result: no
configure:4189: checking for strchr
configure:4189: gcc -o conftest -g -O2   conftest.c  >&5
conftest.c:77:6: warning: conflicting types for built-in function 'strchr' [-Wbuiltin-declaration-mismatch]
 char strchr ();
      ^~~~~~
configure:4189: $? = 0
configure:4189: result: yes
configure:4189: checking for strpbrk
configure:4189: gcc -o conftest -g -O2   conftest.c  >&5
conftest.c:78:6: warning: conflicting types for built-in function 'strpbrk' [-Wbuiltin-declaration-mismatch]
 char strpbrk ();
      ^~~~~~~
configure:4189: $? = 0
configure:4189: result: yes
configure:4189: checking for strstr
configure:4189: gcc -o conftest -g -O2   conftest.c  >&5
conftest.c:79:6: warning: conflicting types for built-in function 'strstr' [-Wbuiltin-declaration-mismatch]
 char strstr ();
      ^~~~~~
configure:4189: $? = 0
configure:4189: result: yes
configure:4189: checking for strtol
configure:4189: gcc -o conftest -g -O2   conftest.c  >&5
configure:4189: $? = 0
configure:4189: result: yes
configure:4189: checking for strtoul
configure:4189: gcc -o conftest -g -O2   conftest.c  >&5
configure:4189: $? = 0
configure:4189: result: yes
configure:4315: creating ./config.status

## ---------------------- ##
## Running config.status. ##
## ---------------------- ##

This file was extended by mtree config.status 20040722, which was
generated by GNU Autoconf 2.69.  Invocation command line was

  CONFIG_FILES    = 
  CONFIG_HEADERS  = 
  CONFIG_LINKS    = 
  CONFIG_COMMANDS = 
  $ ./config.status 

on x1

config.status:848: creating Makefile
config.status:951: WARNING:  'Makefile.in' seems to ignore the --datarootdir setting
config.status:848: creating config.h
config.status:1023: config.h is unchanged

## ---------------- ##
## Cache variables. ##
## ---------------- ##

ac_cv_c_compiler_gnu=yes
ac_cv_c_const=yes
ac_cv_env_CC_set=
ac_cv_env_CC_value=
ac_cv_env_CFLAGS_set=
ac_cv_env_CFLAGS_value=
ac_cv_env_CPPFLAGS_set=
ac_cv_env_CPPFLAGS_value=
ac_cv_env_CPP_set=
ac_cv_env_CPP_value=
ac_cv_env_LDFLAGS_set=
ac_cv_env_LDFLAGS_value=
ac_cv_env_LIBS_set=
ac_cv_env_LIBS_value=
ac_cv_env_build_alias_set=
ac_cv_env_build_alias_value=
ac_cv_env_host_alias_set=
ac_cv_env_host_alias_value=
ac_cv_env_target_alias_set=
ac_cv_env_target_alias_value=
ac_cv_func_SHA256_File=no
ac_cv_func_alloca_works=yes
ac_cv_func_endgrent=yes
ac_cv_func_endpwent=yes
ac_cv_func_fnmatch_works=yes
ac_cv_func_getcwd=yes
ac_cv_func_gethostname=yes
ac_cv_func_mkdir=yes
ac_cv_func_strchr=yes
ac_cv_func_strpbrk=yes
ac_cv_func_strstr=yes
ac_cv_func_strtol=yes
ac_cv_func_strtoul=yes
ac_cv_have_decl_SF_SETTABLE=no
ac_cv_have_decl_UF_SETTABLE=no
ac_cv_header_ctype_h=yes
ac_cv_header_dirent_h=yes
ac_cv_header_err_h=yes
ac_cv_header_errno_h=yes
ac_cv_header_fcntl_h=yes
ac_cv_header_fnmatch_h=yes
ac_cv_header_fts_h=yes
ac_cv_header_grp_h=yes
ac_cv_header_inttypes_h=yes
ac_cv_header_limits_h=yes
ac_cv_header_md5_h=no
ac_cv_header_memory_h=yes
ac_cv_header_netdb_h=yes
ac_cv_header_pwd_h=yes
ac_cv_header_rmd160_h=no
ac_cv_header_sha1_h=no
ac_cv_header_sha2_h=no
ac_cv_header_stdarg_h=yes
ac_cv_header_stdc=yes
ac_cv_header_stddef_h=yes
ac_cv_header_stdint_h=yes
ac_cv_header_stdio_h=yes
ac_cv_header_stdlib_h=yes
ac_cv_header_string_h=yes
ac_cv_header_strings_h=yes
ac_cv_header_sys_cdefs_h=yes
ac_cv_header_sys_param_h=yes
ac_cv_header_sys_queue_h=yes
ac_cv_header_sys_stat_h=yes
ac_cv_header_sys_types_h=yes
ac_cv_header_time=yes
ac_cv_header_time_h=yes
ac_cv_header_unistd_h=yes
ac_cv_header_util_h=no
ac_cv_header_vis_h=no
ac_cv_lib_util_fparseln=no
ac_cv_member_struct_stat_st_flags=no
ac_cv_member_struct_stat_st_rdev=yes
ac_cv_objext=o
ac_cv_path_EGREP='/usr/bin/grep -E'
ac_cv_path_GREP=/usr/bin/grep
ac_cv_path_install='/usr/bin/install -c'
ac_cv_prog_CPP='gcc -E'
ac_cv_prog_ac_ct_CC=gcc
ac_cv_prog_cc_c89=
ac_cv_prog_cc_g=yes
ac_cv_type_mbstate_t=yes
ac_cv_type_mode_t=yes
ac_cv_type_off_t=yes
ac_cv_type_size_t=yes
ac_cv_type_uid_t=yes
ac_cv_working_alloca_h=yes

## ----------------- ##
## Output variables. ##
## ----------------- ##

ALLOCA=''
CC='gcc'
CFLAGS='-g -O2'
CPP='gcc -E'
CPPFLAGS=''
DEFS='-DHAVE_CONFIG_H'
ECHO_C=''
ECHO_N='-n'
ECHO_T=''
EGREP='/usr/bin/grep -E'
EXEEXT=''
GREP='/usr/bin/grep'
INSTALL_DATA='${INSTALL} -m 644'
INSTALL_PROGRAM='${INSTALL}'
INSTALL_SCRIPT='${INSTALL}'
LDFLAGS=''
LIBOBJS=''
LIBS=''
LTLIBOBJS=''
OBJEXT='o'
PACKAGE_BUGREPORT='grant@NetBSD.org'
PACKAGE_NAME='mtree'
PACKAGE_STRING='mtree 20040722'
PACKAGE_TARNAME='mtree'
PACKAGE_URL=''
PACKAGE_VERSION='20040722'
PATH_SEPARATOR=':'
SHELL='/bin/sh'
ac_ct_CC='gcc'
bindir='${exec_prefix}/bin'
build_alias=''
datadir='${datarootdir}'
datarootdir='${prefix}/share'
docdir='${datarootdir}/doc/${PACKAGE_TARNAME}'
dvidir='${docdir}'
exec_prefix='${prefix}'
host_alias=''
htmldir='${docdir}'
includedir='${prefix}/include'
infodir='${datarootdir}/info'
libdir='${exec_prefix}/lib'
libexecdir='${exec_prefix}/libexec'
localedir='${datarootdir}/locale'
localstatedir='${prefix}/var'
mandir='${datarootdir}/man'
oldincludedir='/usr/include'
pdfdir='${docdir}'
prefix='/usr/local'
program_transform_name='s,x,x,'
psdir='${docdir}'
sbindir='${exec_prefix}/sbin'
sharedstatedir='${prefix}/com'
sysconfdir='${prefix}/etc'
target_alias=''

## ----------- ##
## confdefs.h. ##
## ----------- ##

/* confdefs.h */
#define PACKAGE_NAME "mtree"
#define PACKAGE_TARNAME "mtree"
#define PACKAGE_VERSION "20040722"
#define PACKAGE_STRING "mtree 20040722"
#define PACKAGE_BUGREPORT "grant@NetBSD.org"
#define PACKAGE_URL ""
#define STDC_HEADERS 1
#define HAVE_SYS_TYPES_H 1
#define HAVE_SYS_STAT_H 1
#define HAVE_STDLIB_H 1
#define HAVE_STRING_H 1
#define HAVE_MEMORY_H 1
#define HAVE_STRINGS_H 1
#define HAVE_INTTYPES_H 1
#define HAVE_STDINT_H 1
#define HAVE_UNISTD_H 1
#define HAVE_CTYPE_H 1
#define HAVE_DIRENT_H 1
#define HAVE_ERR_H 1
#define HAVE_ERRNO_H 1
#define HAVE_FCNTL_H 1
#define HAVE_FNMATCH_H 1
#define HAVE_FTS_H 1
#define HAVE_GRP_H 1
#define HAVE_LIMITS_H 1
#define HAVE_NETDB_H 1
#define HAVE_PWD_H 1
#define HAVE_STDARG_H 1
#define HAVE_STDDEF_H 1
#define HAVE_STDIO_H 1
#define HAVE_STDLIB_H 1
#define HAVE_STRING_H 1
#define HAVE_TIME_H 1
#define HAVE_UNISTD_H 1
#define HAVE_SYS_CDEFS_H 1
#define HAVE_SYS_PARAM_H 1
#define HAVE_SYS_QUEUE_H 1
#define HAVE_SYS_STAT_H 1
#define HAVE_SYS_TYPES_H 1
#define HAVE_STRUCT_STAT_ST_RDEV 1
#define HAVE_DECL_UF_SETTABLE 0
#define HAVE_DECL_SF_SETTABLE 0
#define TIME_WITH_SYS_TIME 1
#define HAVE_ALLOCA_H 1
#define HAVE_ALLOCA 1
#define HAVE_MBSTATE_T 1
#define HAVE_ENDGRENT 1
#define HAVE_ENDPWENT 1
#define HAVE_GETCWD 1
#define HAVE_GETHOSTNAME 1
#define HAVE_MKDIR 1
#define HAVE_STRCHR 1
#define HAVE_STRPBRK 1
#define HAVE_STRSTR 1
#define HAVE_STRTOL 1
#define HAVE_STRTOUL 1

configure: exit 0
